<?xml version="1.0" encoding="UTF-8"?>
<!-- Generated by org.testng.reporters.JUnitXMLReporter -->
<testsuite hostname="DESKTOP-09TNRAV" ignored="0" name="Test" tests="4" failures="0" timestamp="2022-08-28T18:54:27 IST" time="0.173" errors="0">
  <testcase name="tc3" time="0.022" classname="scripts.Testcase3"/>
  <testcase name="tc2" time="0.003" classname="scripts.Testcase2"/>
  <testcase name="tc4" time="0.008" classname="scripts.Testcase4"/>
  <testcase name="tc1" time="0.009" classname="scripts.Testcase1"/>
</testsuite> <!-- Test -->
